---------------------------------------------------------------
[ 2019-11-12T10:48:58+08:00 ] 127.0.0.1 GET www.t.com/
[运行时间：1.159066s] [吞吐率：0.86req/s] [内存消耗：2,115.67kb] [文件加载：55]
[ info ] [ LANG ] D:\phpstudy_pro\WWW\t\thinkphp\lang\zh-cn.php
[ info ] [ DB ] INIT mysql
[ info ] [ ROUTE ] array (
  'type' => 'module',
  'module' => 
  array (
    0 => 'home',
    1 => 'index',
    2 => 'index',
  ),
  'convert' => false,
)
[ info ] [ HEADER ] array (
  'cookie' => '__guid=38923301.2701826060500230000.1573194382121.1746; PHPSESSID=al78a6h9utos32191rv5nvqv77; monitor_count=42',
  'accept-language' => 'zh-CN,zh;q=0.9',
  'accept-encoding' => 'gzip, deflate',
  'accept' => 'text/html,application/xhtml+xml,application/xml;q=0.9,image/webp,image/apng,*/*;q=0.8',
  'user-agent' => 'Mozilla/5.0 (Windows NT 6.1; WOW64) AppleWebKit/537.36 (KHTML, like Gecko) Chrome/63.0.3239.132 Safari/537.36',
  'upgrade-insecure-requests' => '1',
  'connection' => 'keep-alive',
  'host' => 'www.t.com',
  'content-length' => '',
  'content-type' => '',
)
[ info ] [ PARAM ] array (
)
[ info ] [ SESSION ] INIT array (
  'id' => '',
  'var_session_id' => '',
  'prefix' => 'pay',
  'type' => 'memcache',
  'auto_start' => true,
)
[ info ] [ LOG ] INIT File
---------------------------------------------------------------
[ 2019-11-12T10:48:59+08:00 ] 127.0.0.1 GET www.t.com/
[运行时间：0.187011s] [吞吐率：5.35req/s] [内存消耗：2,305.65kb] [文件加载：56]
[ info ] [ LANG ] D:\phpstudy_pro\WWW\t\thinkphp\lang\zh-cn.php
[ info ] [ DB ] INIT mysql
[ info ] [ ROUTE ] array (
  'type' => 'module',
  'module' => 
  array (
    0 => 'home',
    1 => 'index',
    2 => 'index',
  ),
  'convert' => false,
)
[ info ] [ HEADER ] array (
  'cookie' => '__guid=38923301.2701826060500230000.1573194382121.1746; PHPSESSID=al78a6h9utos32191rv5nvqv77; monitor_count=43',
  'accept-language' => 'zh-CN,zh;q=0.9',
  'accept-encoding' => 'gzip, deflate',
  'accept' => 'text/html,application/xhtml+xml,application/xml;q=0.9,image/webp,image/apng,*/*;q=0.8',
  'user-agent' => 'Mozilla/5.0 (Windows NT 6.1; WOW64) AppleWebKit/537.36 (KHTML, like Gecko) Chrome/63.0.3239.132 Safari/537.36',
  'upgrade-insecure-requests' => '1',
  'cache-control' => 'max-age=0',
  'connection' => 'keep-alive',
  'host' => 'www.t.com',
  'content-length' => '',
  'content-type' => '',
)
[ info ] [ PARAM ] array (
)
[ info ] [ SESSION ] INIT array (
  'id' => '',
  'var_session_id' => '',
  'prefix' => 'pay',
  'type' => 'memcache',
  'auto_start' => true,
)
[ info ] [ RUN ] app\home\controller\Index->index[ D:\phpstudy_pro\WWW\t\application\home\controller\Index.php ]
[ info ] [ VIEW ] ../template/default/index\index.html [ array (
  0 => 'uid',
  1 => 'title',
) ]
[ info ] [ LOG ] INIT File
---------------------------------------------------------------
[ 2019-11-12T10:49:16+08:00 ] 127.0.0.1 GET www.t.com/
[运行时间：1.070062s] [吞吐率：0.93req/s] [内存消耗：2,115.65kb] [文件加载：55]
[ info ] [ LANG ] D:\phpstudy_pro\WWW\t\thinkphp\lang\zh-cn.php
[ info ] [ DB ] INIT mysql
[ info ] [ ROUTE ] array (
  'type' => 'module',
  'module' => 
  array (
    0 => 'home',
    1 => 'index',
    2 => 'index',
  ),
  'convert' => false,
)
[ info ] [ HEADER ] array (
  'cookie' => '__guid=38923301.2701826060500230000.1573194382121.1746; PHPSESSID=al78a6h9utos32191rv5nvqv77; monitor_count=44',
  'accept-language' => 'zh-CN,zh;q=0.9',
  'accept-encoding' => 'gzip, deflate',
  'accept' => 'text/html,application/xhtml+xml,application/xml;q=0.9,image/webp,image/apng,*/*;q=0.8',
  'user-agent' => 'Mozilla/5.0 (Windows NT 6.1; WOW64) AppleWebKit/537.36 (KHTML, like Gecko) Chrome/63.0.3239.132 Safari/537.36',
  'upgrade-insecure-requests' => '1',
  'connection' => 'keep-alive',
  'host' => 'www.t.com',
  'content-length' => '',
  'content-type' => '',
)
[ info ] [ PARAM ] array (
)
[ info ] [ SESSION ] INIT array (
  'id' => '',
  'var_session_id' => '',
  'prefix' => 'pay',
  'type' => 'memcache',
  'auto_start' => true,
)
[ info ] [ LOG ] INIT File
---------------------------------------------------------------
[ 2019-11-12T10:49:19+08:00 ] 127.0.0.1 GET www.t.com/
[运行时间：0.116007s] [吞吐率：8.62req/s] [内存消耗：2,168.64kb] [文件加载：54]
[ info ] [ LANG ] D:\phpstudy_pro\WWW\t\thinkphp\lang\zh-cn.php
[ info ] [ DB ] INIT mysql
[ info ] [ ROUTE ] array (
  'type' => 'module',
  'module' => 
  array (
    0 => 'home',
    1 => 'index',
    2 => 'index',
  ),
  'convert' => false,
)
[ info ] [ HEADER ] array (
  'cookie' => '__guid=38923301.2701826060500230000.1573194382121.1746; PHPSESSID=al78a6h9utos32191rv5nvqv77; monitor_count=45',
  'accept-language' => 'zh-CN,zh;q=0.9',
  'accept-encoding' => 'gzip, deflate',
  'accept' => 'text/html,application/xhtml+xml,application/xml;q=0.9,image/webp,image/apng,*/*;q=0.8',
  'user-agent' => 'Mozilla/5.0 (Windows NT 6.1; WOW64) AppleWebKit/537.36 (KHTML, like Gecko) Chrome/63.0.3239.132 Safari/537.36',
  'upgrade-insecure-requests' => '1',
  'cache-control' => 'max-age=0',
  'connection' => 'keep-alive',
  'host' => 'www.t.com',
  'content-length' => '',
  'content-type' => '',
)
[ info ] [ PARAM ] array (
)
[ info ] [ SESSION ] INIT array (
  'id' => '',
  'var_session_id' => '',
  'prefix' => 'pay',
  'type' => 'memcache',
  'auto_start' => true,
)
[ info ] [ RUN ] app\home\controller\Index->index[ D:\phpstudy_pro\WWW\t\application\home\controller\Index.php ]
[ info ] [ VIEW ] ../template/default/index\index.html [ array (
  0 => 'uid',
  1 => 'title',
) ]
[ info ] [ LOG ] INIT File
---------------------------------------------------------------
[ 2019-11-12T10:49:26+08:00 ] 127.0.0.1 GET www.t.com/
[运行时间：0.111006s] [吞吐率：9.01req/s] [内存消耗：2,168.38kb] [文件加载：54]
[ info ] [ LANG ] D:\phpstudy_pro\WWW\t\thinkphp\lang\zh-cn.php
[ info ] [ DB ] INIT mysql
[ info ] [ ROUTE ] array (
  'type' => 'module',
  'module' => 
  array (
    0 => 'home',
    1 => 'index',
    2 => 'index',
  ),
  'convert' => false,
)
[ info ] [ HEADER ] array (
  'cookie' => '__guid=38923301.2701826060500230000.1573194382121.1746; PHPSESSID=al78a6h9utos32191rv5nvqv77; monitor_count=47',
  'accept-language' => 'zh-CN,zh;q=0.9',
  'accept-encoding' => 'gzip, deflate',
  'accept' => 'text/html,application/xhtml+xml,application/xml;q=0.9,image/webp,image/apng,*/*;q=0.8',
  'user-agent' => 'Mozilla/5.0 (Windows NT 6.1; WOW64) AppleWebKit/537.36 (KHTML, like Gecko) Chrome/63.0.3239.132 Safari/537.36',
  'upgrade-insecure-requests' => '1',
  'connection' => 'keep-alive',
  'host' => 'www.t.com',
  'content-length' => '',
  'content-type' => '',
)
[ info ] [ PARAM ] array (
)
[ info ] [ SESSION ] INIT array (
  'id' => '',
  'var_session_id' => '',
  'prefix' => 'pay',
  'type' => 'memcache',
  'auto_start' => true,
)
[ info ] [ RUN ] app\home\controller\Index->index[ D:\phpstudy_pro\WWW\t\application\home\controller\Index.php ]
[ info ] [ VIEW ] ../template/default/index\index.html [ array (
  0 => 'uid',
  1 => 'title',
) ]
[ info ] [ LOG ] INIT File
---------------------------------------------------------------
[ 2019-11-12T10:49:29+08:00 ] 127.0.0.1 GET www.t.com/
[运行时间：0.103006s] [吞吐率：9.71req/s] [内存消耗：2,168.38kb] [文件加载：54]
[ info ] [ LANG ] D:\phpstudy_pro\WWW\t\thinkphp\lang\zh-cn.php
[ info ] [ DB ] INIT mysql
[ info ] [ ROUTE ] array (
  'type' => 'module',
  'module' => 
  array (
    0 => 'home',
    1 => 'index',
    2 => 'index',
  ),
  'convert' => false,
)
[ info ] [ HEADER ] array (
  'cookie' => '__guid=38923301.2701826060500230000.1573194382121.1746; PHPSESSID=al78a6h9utos32191rv5nvqv77; monitor_count=49',
  'accept-language' => 'zh-CN,zh;q=0.9',
  'accept-encoding' => 'gzip, deflate',
  'accept' => 'text/html,application/xhtml+xml,application/xml;q=0.9,image/webp,image/apng,*/*;q=0.8',
  'user-agent' => 'Mozilla/5.0 (Windows NT 6.1; WOW64) AppleWebKit/537.36 (KHTML, like Gecko) Chrome/63.0.3239.132 Safari/537.36',
  'upgrade-insecure-requests' => '1',
  'connection' => 'keep-alive',
  'host' => 'www.t.com',
  'content-length' => '',
  'content-type' => '',
)
[ info ] [ PARAM ] array (
)
[ info ] [ SESSION ] INIT array (
  'id' => '',
  'var_session_id' => '',
  'prefix' => 'pay',
  'type' => 'memcache',
  'auto_start' => true,
)
[ info ] [ RUN ] app\home\controller\Index->index[ D:\phpstudy_pro\WWW\t\application\home\controller\Index.php ]
[ info ] [ VIEW ] ../template/default/index\index.html [ array (
  0 => 'uid',
  1 => 'title',
) ]
[ info ] [ LOG ] INIT File
---------------------------------------------------------------
[ 2019-11-12T10:49:33+08:00 ] 127.0.0.1 GET www.t.com/
[运行时间：1.076061s] [吞吐率：0.93req/s] [内存消耗：2,115.65kb] [文件加载：55]
[ info ] [ LANG ] D:\phpstudy_pro\WWW\t\thinkphp\lang\zh-cn.php
[ info ] [ DB ] INIT mysql
[ info ] [ ROUTE ] array (
  'type' => 'module',
  'module' => 
  array (
    0 => 'home',
    1 => 'index',
    2 => 'index',
  ),
  'convert' => false,
)
[ info ] [ HEADER ] array (
  'cookie' => '__guid=38923301.2701826060500230000.1573194382121.1746; PHPSESSID=al78a6h9utos32191rv5nvqv77; monitor_count=50',
  'accept-language' => 'zh-CN,zh;q=0.9',
  'accept-encoding' => 'gzip, deflate',
  'accept' => 'text/html,application/xhtml+xml,application/xml;q=0.9,image/webp,image/apng,*/*;q=0.8',
  'user-agent' => 'Mozilla/5.0 (Windows NT 6.1; WOW64) AppleWebKit/537.36 (KHTML, like Gecko) Chrome/63.0.3239.132 Safari/537.36',
  'upgrade-insecure-requests' => '1',
  'connection' => 'keep-alive',
  'host' => 'www.t.com',
  'content-length' => '',
  'content-type' => '',
)
[ info ] [ PARAM ] array (
)
[ info ] [ SESSION ] INIT array (
  'id' => '',
  'var_session_id' => '',
  'prefix' => 'pay',
  'type' => 'memcache',
  'auto_start' => true,
)
[ info ] [ LOG ] INIT File
---------------------------------------------------------------
[ 2019-11-12T10:52:18+08:00 ] 127.0.0.1 GET www.t.com/
[运行时间：1.091063s] [吞吐率：0.92req/s] [内存消耗：2,115.93kb] [文件加载：55]
[ info ] [ LANG ] D:\phpstudy_pro\WWW\t\thinkphp\lang\zh-cn.php
[ info ] [ DB ] INIT mysql
[ info ] [ ROUTE ] array (
  'type' => 'module',
  'module' => 
  array (
    0 => 'home',
    1 => 'index',
    2 => 'index',
  ),
  'convert' => false,
)
[ info ] [ HEADER ] array (
  'cookie' => '__guid=38923301.2701826060500230000.1573194382121.1746; PHPSESSID=al78a6h9utos32191rv5nvqv77; monitor_count=51',
  'accept-language' => 'zh-CN,zh;q=0.9',
  'accept-encoding' => 'gzip, deflate',
  'accept' => 'text/html,application/xhtml+xml,application/xml;q=0.9,image/webp,image/apng,*/*;q=0.8',
  'user-agent' => 'Mozilla/5.0 (Windows NT 6.1; WOW64) AppleWebKit/537.36 (KHTML, like Gecko) Chrome/63.0.3239.132 Safari/537.36',
  'upgrade-insecure-requests' => '1',
  'cache-control' => 'max-age=0',
  'connection' => 'keep-alive',
  'host' => 'www.t.com',
  'content-length' => '',
  'content-type' => '',
)
[ info ] [ PARAM ] array (
)
[ info ] [ SESSION ] INIT array (
  'id' => '',
  'var_session_id' => '',
  'prefix' => 'pay',
  'type' => 'memcache',
  'auto_start' => true,
)
[ info ] [ LOG ] INIT File
---------------------------------------------------------------
[ 2019-11-12T10:52:43+08:00 ] 127.0.0.1 GET www.t.com/
[运行时间：1.071061s] [吞吐率：0.93req/s] [内存消耗：2,116.07kb] [文件加载：55]
[ info ] [ LANG ] D:\phpstudy_pro\WWW\t\thinkphp\lang\zh-cn.php
[ info ] [ DB ] INIT mysql
[ info ] [ ROUTE ] array (
  'type' => 'module',
  'module' => 
  array (
    0 => 'home',
    1 => 'index',
    2 => 'index',
  ),
  'convert' => false,
)
[ info ] [ HEADER ] array (
  'cookie' => '__guid=38923301.2701826060500230000.1573194382121.1746; PHPSESSID=al78a6h9utos32191rv5nvqv77; monitor_count=52',
  'accept-language' => 'zh-CN,zh;q=0.9',
  'accept-encoding' => 'gzip, deflate',
  'accept' => 'text/html,application/xhtml+xml,application/xml;q=0.9,image/webp,image/apng,*/*;q=0.8',
  'user-agent' => 'Mozilla/5.0 (Windows NT 6.1; WOW64) AppleWebKit/537.36 (KHTML, like Gecko) Chrome/63.0.3239.132 Safari/537.36',
  'upgrade-insecure-requests' => '1',
  'cache-control' => 'max-age=0',
  'connection' => 'keep-alive',
  'host' => 'www.t.com',
  'content-length' => '',
  'content-type' => '',
)
[ info ] [ PARAM ] array (
)
[ info ] [ SESSION ] INIT array (
  'id' => '',
  'var_session_id' => '',
  'prefix' => 'pay',
  'type' => 'memcache',
  'auto_start' => true,
  'session_name' => true,
)
[ info ] [ LOG ] INIT File
---------------------------------------------------------------
[ 2019-11-12T10:52:46+08:00 ] 127.0.0.1 GET www.t.com/
[运行时间：0.125008s] [吞吐率：8.00req/s] [内存消耗：2,168.79kb] [文件加载：54]
[ info ] [ LANG ] D:\phpstudy_pro\WWW\t\thinkphp\lang\zh-cn.php
[ info ] [ DB ] INIT mysql
[ info ] [ ROUTE ] array (
  'type' => 'module',
  'module' => 
  array (
    0 => 'home',
    1 => 'index',
    2 => 'index',
  ),
  'convert' => false,
)
[ info ] [ HEADER ] array (
  'cookie' => '__guid=38923301.2701826060500230000.1573194382121.1746; PHPSESSID=al78a6h9utos32191rv5nvqv77; monitor_count=53',
  'accept-language' => 'zh-CN,zh;q=0.9',
  'accept-encoding' => 'gzip, deflate',
  'accept' => 'text/html,application/xhtml+xml,application/xml;q=0.9,image/webp,image/apng,*/*;q=0.8',
  'user-agent' => 'Mozilla/5.0 (Windows NT 6.1; WOW64) AppleWebKit/537.36 (KHTML, like Gecko) Chrome/63.0.3239.132 Safari/537.36',
  'upgrade-insecure-requests' => '1',
  'cache-control' => 'max-age=0',
  'connection' => 'keep-alive',
  'host' => 'www.t.com',
  'content-length' => '',
  'content-type' => '',
)
[ info ] [ PARAM ] array (
)
[ info ] [ SESSION ] INIT array (
  'id' => '',
  'var_session_id' => '',
  'prefix' => 'pay',
  'type' => 'memcache',
  'auto_start' => true,
  'session_name' => true,
)
[ info ] [ RUN ] app\home\controller\Index->index[ D:\phpstudy_pro\WWW\t\application\home\controller\Index.php ]
[ info ] [ VIEW ] ../template/default/index\index.html [ array (
  0 => 'uid',
  1 => 'title',
) ]
[ info ] [ LOG ] INIT File
---------------------------------------------------------------
[ 2019-11-12T10:54:03+08:00 ] 127.0.0.1 GET www.t.com/
[运行时间：0.138008s] [吞吐率：7.25req/s] [内存消耗：2,713.43kb] [文件加载：51]
[ info ] [ LANG ] D:\phpstudy_pro\WWW\t\thinkphp\lang\zh-cn.php
[ info ] [ DB ] INIT mysql
[ info ] [ ROUTE ] array (
  'type' => 'module',
  'module' => 
  array (
    0 => 'home',
    1 => 'index',
    2 => 'index',
  ),
  'convert' => false,
)
[ info ] [ HEADER ] array (
  'cookie' => '__guid=38923301.2701826060500230000.1573194382121.1746; PHPSESSID=al78a6h9utos32191rv5nvqv77; monitor_count=66',
  'accept-language' => 'zh-CN,zh;q=0.9',
  'accept-encoding' => 'gzip, deflate',
  'accept' => 'text/html,application/xhtml+xml,application/xml;q=0.9,image/webp,image/apng,*/*;q=0.8',
  'user-agent' => 'Mozilla/5.0 (Windows NT 6.1; WOW64) AppleWebKit/537.36 (KHTML, like Gecko) Chrome/63.0.3239.132 Safari/537.36',
  'upgrade-insecure-requests' => '1',
  'cache-control' => 'max-age=0',
  'connection' => 'keep-alive',
  'host' => 'www.t.com',
  'content-length' => '',
  'content-type' => '',
)
[ info ] [ PARAM ] array (
)
[ info ] [ SESSION ] INIT array (
  'id' => '',
  'var_session_id' => '',
  'prefix' => 'pay',
  'type' => 'memcache',
  'auto_start' => true,
  'session_name' => true,
)
[ info ] [ LOG ] INIT File
---------------------------------------------------------------
[ 2019-11-12T10:54:08+08:00 ] 127.0.0.1 GET www.t.com/
[运行时间：0.062003s] [吞吐率：16.13req/s] [内存消耗：2,713.43kb] [文件加载：51]
[ info ] [ LANG ] D:\phpstudy_pro\WWW\t\thinkphp\lang\zh-cn.php
[ info ] [ DB ] INIT mysql
[ info ] [ ROUTE ] array (
  'type' => 'module',
  'module' => 
  array (
    0 => 'home',
    1 => 'index',
    2 => 'index',
  ),
  'convert' => false,
)
[ info ] [ HEADER ] array (
  'cookie' => '__guid=38923301.2701826060500230000.1573194382121.1746; PHPSESSID=al78a6h9utos32191rv5nvqv77; monitor_count=67',
  'accept-language' => 'zh-CN,zh;q=0.9',
  'accept-encoding' => 'gzip, deflate',
  'accept' => 'text/html,application/xhtml+xml,application/xml;q=0.9,image/webp,image/apng,*/*;q=0.8',
  'user-agent' => 'Mozilla/5.0 (Windows NT 6.1; WOW64) AppleWebKit/537.36 (KHTML, like Gecko) Chrome/63.0.3239.132 Safari/537.36',
  'upgrade-insecure-requests' => '1',
  'cache-control' => 'max-age=0',
  'connection' => 'keep-alive',
  'host' => 'www.t.com',
  'content-length' => '',
  'content-type' => '',
)
[ info ] [ PARAM ] array (
)
[ info ] [ SESSION ] INIT array (
  'id' => '',
  'var_session_id' => '',
  'prefix' => 'pay',
  'type' => 'memcache',
  'auto_start' => true,
  'session_name' => true,
)
[ info ] [ LOG ] INIT File
---------------------------------------------------------------
[ 2019-11-12T10:54:54+08:00 ] 127.0.0.1 GET www.t.com/
[运行时间：0.075004s] [吞吐率：13.33req/s] [内存消耗：2,712.91kb] [文件加载：51]
[ info ] [ LANG ] D:\phpstudy_pro\WWW\t\thinkphp\lang\zh-cn.php
[ info ] [ DB ] INIT mysql
[ info ] [ ROUTE ] array (
  'type' => 'module',
  'module' => 
  array (
    0 => 'home',
    1 => 'index',
    2 => 'index',
  ),
  'convert' => false,
)
[ info ] [ HEADER ] array (
  'cookie' => '__guid=38923301.2701826060500230000.1573194382121.1746; PHPSESSID=al78a6h9utos32191rv5nvqv77; monitor_count=68',
  'accept-language' => 'zh-CN,zh;q=0.9',
  'accept-encoding' => 'gzip, deflate',
  'accept' => 'text/html,application/xhtml+xml,application/xml;q=0.9,image/webp,image/apng,*/*;q=0.8',
  'user-agent' => 'Mozilla/5.0 (Windows NT 6.1; WOW64) AppleWebKit/537.36 (KHTML, like Gecko) Chrome/63.0.3239.132 Safari/537.36',
  'upgrade-insecure-requests' => '1',
  'cache-control' => 'max-age=0',
  'connection' => 'keep-alive',
  'host' => 'www.t.com',
  'content-length' => '',
  'content-type' => '',
)
[ info ] [ PARAM ] array (
)
[ info ] [ SESSION ] INIT array (
  'id' => '',
  'var_session_id' => '',
  'prefix' => 'pay',
  'type' => 'memcache',
  'auto_start' => true,
  'session_name' => true,
)
[ info ] [ LOG ] INIT File
---------------------------------------------------------------
[ 2019-11-12T10:56:00+08:00 ] 127.0.0.1 GET www.t.com/
[运行时间：1.120064s] [吞吐率：0.89req/s] [内存消耗：3,311.36kb] [文件加载：55]
[ info ] [ LANG ] D:\phpstudy_pro\WWW\t\thinkphp\lang\zh-cn.php
[ info ] [ DB ] INIT mysql
[ info ] [ ROUTE ] array (
  'type' => 'module',
  'module' => 
  array (
    0 => 'home',
    1 => 'index',
    2 => 'index',
  ),
  'convert' => false,
)
[ info ] [ HEADER ] array (
  'cookie' => '__guid=38923301.2701826060500230000.1573194382121.1746; PHPSESSID=al78a6h9utos32191rv5nvqv77; monitor_count=69',
  'accept-language' => 'zh-CN,zh;q=0.9',
  'accept-encoding' => 'gzip, deflate',
  'accept' => 'text/html,application/xhtml+xml,application/xml;q=0.9,image/webp,image/apng,*/*;q=0.8',
  'user-agent' => 'Mozilla/5.0 (Windows NT 6.1; WOW64) AppleWebKit/537.36 (KHTML, like Gecko) Chrome/63.0.3239.132 Safari/537.36',
  'upgrade-insecure-requests' => '1',
  'cache-control' => 'max-age=0',
  'connection' => 'keep-alive',
  'host' => 'www.t.com',
  'content-length' => '',
  'content-type' => '',
)
[ info ] [ PARAM ] array (
)
[ info ] [ SESSION ] INIT array (
  'id' => '',
  'var_session_id' => '',
  'prefix' => 'pay',
  'type' => 'memcache',
  'auto_start' => true,
  'session_name' => true,
)
[ info ] [ LOG ] INIT File
---------------------------------------------------------------
[ 2019-11-12T10:56:10+08:00 ] 127.0.0.1 GET www.t.com/
[运行时间：0.095006s] [吞吐率：10.53req/s] [内存消耗：3,386.30kb] [文件加载：54]
[ info ] [ LANG ] D:\phpstudy_pro\WWW\t\thinkphp\lang\zh-cn.php
[ info ] [ DB ] INIT mysql
[ info ] [ ROUTE ] array (
  'type' => 'module',
  'module' => 
  array (
    0 => 'home',
    1 => 'index',
    2 => 'index',
  ),
  'convert' => false,
)
[ info ] [ HEADER ] array (
  'cookie' => '__guid=38923301.2701826060500230000.1573194382121.1746; PHPSESSID=al78a6h9utos32191rv5nvqv77; monitor_count=70',
  'accept-language' => 'zh-CN,zh;q=0.9',
  'accept-encoding' => 'gzip, deflate',
  'accept' => 'text/html,application/xhtml+xml,application/xml;q=0.9,image/webp,image/apng,*/*;q=0.8',
  'user-agent' => 'Mozilla/5.0 (Windows NT 6.1; WOW64) AppleWebKit/537.36 (KHTML, like Gecko) Chrome/63.0.3239.132 Safari/537.36',
  'upgrade-insecure-requests' => '1',
  'cache-control' => 'max-age=0',
  'connection' => 'keep-alive',
  'host' => 'www.t.com',
  'content-length' => '',
  'content-type' => '',
)
[ info ] [ PARAM ] array (
)
[ info ] [ SESSION ] INIT array (
  'id' => '',
  'var_session_id' => '',
  'prefix' => 'pay',
  'type' => 'memcache',
  'auto_start' => true,
)
[ info ] [ RUN ] app\home\controller\Index->index[ D:\phpstudy_pro\WWW\t\application\home\controller\Index.php ]
[ info ] [ VIEW ] ../template/default/index\index.html [ array (
  0 => 'uid',
  1 => 'title',
) ]
[ info ] [ LOG ] INIT File
