---------------------------------------------------------------
[ 2019-11-12T10:48:58+08:00 ] 127.0.0.1 GET www.t.com/
[ sql ] [ DB ] CONNECT:[ UseTime:0.003000s ] mysql:host=127.0.0.1;port=3306;dbname=pay;charset=utf8
[ sql ] [ SQL ] SHOW COLUMNS FROM `box_config` [ RunTime:0.005000s ]
[ sql ] [ SQL ] SELECT `value` FROM `box_config` WHERE  `code` = 'admin_login_path' LIMIT 1 [ RunTime:0.001000s ]
---------------------------------------------------------------
[ 2019-11-12T10:48:59+08:00 ] 127.0.0.1 GET www.t.com/
[ sql ] [ DB ] CONNECT:[ UseTime:0.003000s ] mysql:host=127.0.0.1;port=3306;dbname=pay;charset=utf8
[ sql ] [ SQL ] SHOW COLUMNS FROM `box_config` [ RunTime:0.005000s ]
[ sql ] [ SQL ] SELECT `value` FROM `box_config` WHERE  `code` = 'admin_login_path' LIMIT 1 [ RunTime:0.002000s ]
[ sql ] [ SQL ] SELECT `value` FROM `box_config` WHERE  `code` = 'site_author' LIMIT 1 [ RunTime:0.001000s ]
[ sql ] [ SQL ] SELECT `value` FROM `box_config` WHERE  `code` = 'site_title' LIMIT 1 [ RunTime:0.001000s ]
[ sql ] [ SQL ] SELECT `value` FROM `box_config` WHERE  `code` = 'site_description' LIMIT 1 [ RunTime:0.001000s ]
[ sql ] [ SQL ] SELECT `value` FROM `box_config` WHERE  `code` = 'site_keywords' LIMIT 1 [ RunTime:0.000000s ]
[ sql ] [ SQL ] SELECT `value` FROM `box_config` WHERE  `code` = 'site_name' LIMIT 1 [ RunTime:0.001000s ]
[ sql ] [ SQL ] SELECT `value` FROM `box_config` WHERE  `code` = 'site_desc' LIMIT 1 [ RunTime:0.001000s ]
[ sql ] [ SQL ] SELECT `value` FROM `box_config` WHERE  `code` = 'site_url' LIMIT 1 [ RunTime:0.001000s ]
[ sql ] [ SQL ] SELECT `value` FROM `box_config` WHERE  `code` = 'site_logo' LIMIT 1 [ RunTime:0.000000s ]
[ sql ] [ SQL ] SELECT `value` FROM `box_config` WHERE  `code` = 'site_url' LIMIT 1 [ RunTime:0.000000s ]
[ sql ] [ SQL ] SELECT `value` FROM `box_config` WHERE  `code` = 'site_name' LIMIT 1 [ RunTime:0.000000s ]
[ sql ] [ SQL ] SELECT `value` FROM `box_config` WHERE  `code` = 'site_url' LIMIT 1 [ RunTime:0.000000s ]
[ sql ] [ SQL ] SELECT `value` FROM `box_config` WHERE  `code` = 'site_url' LIMIT 1 [ RunTime:0.001000s ]
[ sql ] [ SQL ] SELECT `value` FROM `box_config` WHERE  `code` = 'site_url' LIMIT 1 [ RunTime:0.001000s ]
[ sql ] [ SQL ] SELECT `value` FROM `box_config` WHERE  `code` = 'site_url' LIMIT 1 [ RunTime:0.001000s ]
[ sql ] [ SQL ] SELECT `value` FROM `box_config` WHERE  `code` = 'site_url' LIMIT 1 [ RunTime:0.001000s ]
[ sql ] [ SQL ] SELECT `value` FROM `box_config` WHERE  `code` = 'site_name' LIMIT 1 [ RunTime:0.000000s ]
[ sql ] [ SQL ] SELECT `value` FROM `box_config` WHERE  `code` = 'site_url' LIMIT 1 [ RunTime:0.001000s ]
[ sql ] [ SQL ] SELECT `value` FROM `box_config` WHERE  `code` = 'site_url' LIMIT 1 [ RunTime:0.001000s ]
[ sql ] [ SQL ] SELECT `value` FROM `box_config` WHERE  `code` = 'site_url' LIMIT 1 [ RunTime:0.001000s ]
[ sql ] [ SQL ] SELECT `value` FROM `box_config` WHERE  `code` = 'user_level2_price' LIMIT 1 [ RunTime:0.001000s ]
[ sql ] [ SQL ] SELECT `value` FROM `box_config` WHERE  `code` = 'user_level2_mout' LIMIT 1 [ RunTime:0.001000s ]
[ sql ] [ SQL ] SELECT `value` FROM `box_config` WHERE  `code` = 'user_level3_price' LIMIT 1 [ RunTime:0.001000s ]
[ sql ] [ SQL ] SELECT `value` FROM `box_config` WHERE  `code` = 'user_level3_mout' LIMIT 1 [ RunTime:0.000000s ]
[ sql ] [ SQL ] SELECT `value` FROM `box_config` WHERE  `code` = 'user_level1_price' LIMIT 1 [ RunTime:0.001000s ]
[ sql ] [ SQL ] SELECT `value` FROM `box_config` WHERE  `code` = 'user_level1_mout' LIMIT 1 [ RunTime:0.001000s ]
[ sql ] [ SQL ] SELECT `value` FROM `box_config` WHERE  `code` = 'site_name' LIMIT 1 [ RunTime:0.001000s ]
[ sql ] [ SQL ] SELECT `value` FROM `box_config` WHERE  `code` = 'site_name' LIMIT 1 [ RunTime:0.001000s ]
[ sql ] [ SQL ] SELECT `value` FROM `box_config` WHERE  `code` = 'site_name' LIMIT 1 [ RunTime:0.001000s ]
[ sql ] [ SQL ] SELECT `value` FROM `box_config` WHERE  `code` = 'site_name' LIMIT 1 [ RunTime:0.001000s ]
[ sql ] [ SQL ] SELECT `value` FROM `box_config` WHERE  `code` = 'site_engname' LIMIT 1 [ RunTime:0.000000s ]
[ sql ] [ SQL ] SELECT `value` FROM `box_config` WHERE  `code` = 'site_engname' LIMIT 1 [ RunTime:0.000000s ]
[ sql ] [ SQL ] SELECT `value` FROM `box_config` WHERE  `code` = 'site_name' LIMIT 1 [ RunTime:0.001000s ]
[ sql ] [ SQL ] SELECT `value` FROM `box_config` WHERE  `code` = 'site_name' LIMIT 1 [ RunTime:0.001000s ]
[ sql ] [ SQL ] SELECT `value` FROM `box_config` WHERE  `code` = 'site_wechat' LIMIT 1 [ RunTime:0.001000s ]
[ sql ] [ SQL ] SELECT `value` FROM `box_config` WHERE  `code` = 'site_qq' LIMIT 1 [ RunTime:0.000000s ]
[ sql ] [ SQL ] SELECT `value` FROM `box_config` WHERE  `code` = 'site_mail' LIMIT 1 [ RunTime:0.000000s ]
[ sql ] [ SQL ] SELECT `value` FROM `box_config` WHERE  `code` = 'site_url' LIMIT 1 [ RunTime:0.001000s ]
[ sql ] [ SQL ] SELECT `value` FROM `box_config` WHERE  `code` = 'site_icp' LIMIT 1 [ RunTime:0.001000s ]
---------------------------------------------------------------
[ 2019-11-12T10:49:16+08:00 ] 127.0.0.1 GET www.t.com/
[ sql ] [ DB ] CONNECT:[ UseTime:0.002000s ] mysql:host=127.0.0.1;port=3306;dbname=pay;charset=utf8
[ sql ] [ SQL ] SHOW COLUMNS FROM `box_config` [ RunTime:0.002000s ]
[ sql ] [ SQL ] SELECT `value` FROM `box_config` WHERE  `code` = 'admin_login_path' LIMIT 1 [ RunTime:0.001000s ]
---------------------------------------------------------------
[ 2019-11-12T10:49:19+08:00 ] 127.0.0.1 GET www.t.com/
[ sql ] [ DB ] CONNECT:[ UseTime:0.010001s ] mysql:host=127.0.0.1;port=3306;dbname=pay;charset=utf8
[ sql ] [ SQL ] SHOW COLUMNS FROM `box_config` [ RunTime:0.002000s ]
[ sql ] [ SQL ] SELECT `value` FROM `box_config` WHERE  `code` = 'admin_login_path' LIMIT 1 [ RunTime:0.000000s ]
[ sql ] [ SQL ] SELECT `value` FROM `box_config` WHERE  `code` = 'site_author' LIMIT 1 [ RunTime:0.000000s ]
[ sql ] [ SQL ] SELECT `value` FROM `box_config` WHERE  `code` = 'site_title' LIMIT 1 [ RunTime:0.000000s ]
[ sql ] [ SQL ] SELECT `value` FROM `box_config` WHERE  `code` = 'site_description' LIMIT 1 [ RunTime:0.000000s ]
[ sql ] [ SQL ] SELECT `value` FROM `box_config` WHERE  `code` = 'site_keywords' LIMIT 1 [ RunTime:0.000000s ]
[ sql ] [ SQL ] SELECT `value` FROM `box_config` WHERE  `code` = 'site_name' LIMIT 1 [ RunTime:0.000000s ]
[ sql ] [ SQL ] SELECT `value` FROM `box_config` WHERE  `code` = 'site_desc' LIMIT 1 [ RunTime:0.000000s ]
[ sql ] [ SQL ] SELECT `value` FROM `box_config` WHERE  `code` = 'site_url' LIMIT 1 [ RunTime:0.000000s ]
[ sql ] [ SQL ] SELECT `value` FROM `box_config` WHERE  `code` = 'site_logo' LIMIT 1 [ RunTime:0.000000s ]
[ sql ] [ SQL ] SELECT `value` FROM `box_config` WHERE  `code` = 'site_url' LIMIT 1 [ RunTime:0.000000s ]
[ sql ] [ SQL ] SELECT `value` FROM `box_config` WHERE  `code` = 'site_name' LIMIT 1 [ RunTime:0.000000s ]
[ sql ] [ SQL ] SELECT `value` FROM `box_config` WHERE  `code` = 'site_url' LIMIT 1 [ RunTime:0.001000s ]
[ sql ] [ SQL ] SELECT `value` FROM `box_config` WHERE  `code` = 'site_url' LIMIT 1 [ RunTime:0.002001s ]
[ sql ] [ SQL ] SELECT `value` FROM `box_config` WHERE  `code` = 'site_url' LIMIT 1 [ RunTime:0.001000s ]
[ sql ] [ SQL ] SELECT `value` FROM `box_config` WHERE  `code` = 'site_url' LIMIT 1 [ RunTime:0.001000s ]
[ sql ] [ SQL ] SELECT `value` FROM `box_config` WHERE  `code` = 'site_url' LIMIT 1 [ RunTime:0.001000s ]
[ sql ] [ SQL ] SELECT `value` FROM `box_config` WHERE  `code` = 'site_name' LIMIT 1 [ RunTime:0.001000s ]
[ sql ] [ SQL ] SELECT `value` FROM `box_config` WHERE  `code` = 'site_url' LIMIT 1 [ RunTime:0.000000s ]
[ sql ] [ SQL ] SELECT `value` FROM `box_config` WHERE  `code` = 'site_url' LIMIT 1 [ RunTime:0.000000s ]
[ sql ] [ SQL ] SELECT `value` FROM `box_config` WHERE  `code` = 'site_url' LIMIT 1 [ RunTime:0.000000s ]
[ sql ] [ SQL ] SELECT `value` FROM `box_config` WHERE  `code` = 'user_level2_price' LIMIT 1 [ RunTime:0.000000s ]
[ sql ] [ SQL ] SELECT `value` FROM `box_config` WHERE  `code` = 'user_level2_mout' LIMIT 1 [ RunTime:0.000000s ]
[ sql ] [ SQL ] SELECT `value` FROM `box_config` WHERE  `code` = 'user_level3_price' LIMIT 1 [ RunTime:0.000000s ]
[ sql ] [ SQL ] SELECT `value` FROM `box_config` WHERE  `code` = 'user_level3_mout' LIMIT 1 [ RunTime:0.001000s ]
[ sql ] [ SQL ] SELECT `value` FROM `box_config` WHERE  `code` = 'user_level1_price' LIMIT 1 [ RunTime:0.000000s ]
[ sql ] [ SQL ] SELECT `value` FROM `box_config` WHERE  `code` = 'user_level1_mout' LIMIT 1 [ RunTime:0.001000s ]
[ sql ] [ SQL ] SELECT `value` FROM `box_config` WHERE  `code` = 'site_name' LIMIT 1 [ RunTime:0.000000s ]
[ sql ] [ SQL ] SELECT `value` FROM `box_config` WHERE  `code` = 'site_name' LIMIT 1 [ RunTime:0.001000s ]
[ sql ] [ SQL ] SELECT `value` FROM `box_config` WHERE  `code` = 'site_name' LIMIT 1 [ RunTime:0.000000s ]
[ sql ] [ SQL ] SELECT `value` FROM `box_config` WHERE  `code` = 'site_name' LIMIT 1 [ RunTime:0.001000s ]
[ sql ] [ SQL ] SELECT `value` FROM `box_config` WHERE  `code` = 'site_engname' LIMIT 1 [ RunTime:0.000000s ]
[ sql ] [ SQL ] SELECT `value` FROM `box_config` WHERE  `code` = 'site_engname' LIMIT 1 [ RunTime:0.000000s ]
[ sql ] [ SQL ] SELECT `value` FROM `box_config` WHERE  `code` = 'site_name' LIMIT 1 [ RunTime:0.001000s ]
[ sql ] [ SQL ] SELECT `value` FROM `box_config` WHERE  `code` = 'site_name' LIMIT 1 [ RunTime:0.002000s ]
[ sql ] [ SQL ] SELECT `value` FROM `box_config` WHERE  `code` = 'site_wechat' LIMIT 1 [ RunTime:0.002001s ]
[ sql ] [ SQL ] SELECT `value` FROM `box_config` WHERE  `code` = 'site_qq' LIMIT 1 [ RunTime:0.001000s ]
[ sql ] [ SQL ] SELECT `value` FROM `box_config` WHERE  `code` = 'site_mail' LIMIT 1 [ RunTime:0.000000s ]
[ sql ] [ SQL ] SELECT `value` FROM `box_config` WHERE  `code` = 'site_url' LIMIT 1 [ RunTime:0.000000s ]
[ sql ] [ SQL ] SELECT `value` FROM `box_config` WHERE  `code` = 'site_icp' LIMIT 1 [ RunTime:0.000000s ]
---------------------------------------------------------------
[ 2019-11-12T10:49:26+08:00 ] 127.0.0.1 GET www.t.com/
[ sql ] [ DB ] CONNECT:[ UseTime:0.002000s ] mysql:host=127.0.0.1;port=3306;dbname=pay;charset=utf8
[ sql ] [ SQL ] SHOW COLUMNS FROM `box_config` [ RunTime:0.003001s ]
[ sql ] [ SQL ] SELECT `value` FROM `box_config` WHERE  `code` = 'admin_login_path' LIMIT 1 [ RunTime:0.000000s ]
[ sql ] [ SQL ] SELECT `value` FROM `box_config` WHERE  `code` = 'site_author' LIMIT 1 [ RunTime:0.001000s ]
[ sql ] [ SQL ] SELECT `value` FROM `box_config` WHERE  `code` = 'site_title' LIMIT 1 [ RunTime:0.002000s ]
[ sql ] [ SQL ] SELECT `value` FROM `box_config` WHERE  `code` = 'site_description' LIMIT 1 [ RunTime:0.001000s ]
[ sql ] [ SQL ] SELECT `value` FROM `box_config` WHERE  `code` = 'site_keywords' LIMIT 1 [ RunTime:0.001000s ]
[ sql ] [ SQL ] SELECT `value` FROM `box_config` WHERE  `code` = 'site_name' LIMIT 1 [ RunTime:0.001000s ]
[ sql ] [ SQL ] SELECT `value` FROM `box_config` WHERE  `code` = 'site_desc' LIMIT 1 [ RunTime:0.001000s ]
[ sql ] [ SQL ] SELECT `value` FROM `box_config` WHERE  `code` = 'site_url' LIMIT 1 [ RunTime:0.000000s ]
[ sql ] [ SQL ] SELECT `value` FROM `box_config` WHERE  `code` = 'site_logo' LIMIT 1 [ RunTime:0.000000s ]
[ sql ] [ SQL ] SELECT `value` FROM `box_config` WHERE  `code` = 'site_url' LIMIT 1 [ RunTime:0.001000s ]
[ sql ] [ SQL ] SELECT `value` FROM `box_config` WHERE  `code` = 'site_name' LIMIT 1 [ RunTime:0.000000s ]
[ sql ] [ SQL ] SELECT `value` FROM `box_config` WHERE  `code` = 'site_url' LIMIT 1 [ RunTime:0.000000s ]
[ sql ] [ SQL ] SELECT `value` FROM `box_config` WHERE  `code` = 'site_url' LIMIT 1 [ RunTime:0.000000s ]
[ sql ] [ SQL ] SELECT `value` FROM `box_config` WHERE  `code` = 'site_url' LIMIT 1 [ RunTime:0.000000s ]
[ sql ] [ SQL ] SELECT `value` FROM `box_config` WHERE  `code` = 'site_url' LIMIT 1 [ RunTime:0.000000s ]
[ sql ] [ SQL ] SELECT `value` FROM `box_config` WHERE  `code` = 'site_url' LIMIT 1 [ RunTime:0.000000s ]
[ sql ] [ SQL ] SELECT `value` FROM `box_config` WHERE  `code` = 'site_name' LIMIT 1 [ RunTime:0.001000s ]
[ sql ] [ SQL ] SELECT `value` FROM `box_config` WHERE  `code` = 'site_url' LIMIT 1 [ RunTime:0.001000s ]
[ sql ] [ SQL ] SELECT `value` FROM `box_config` WHERE  `code` = 'site_url' LIMIT 1 [ RunTime:0.001000s ]
[ sql ] [ SQL ] SELECT `value` FROM `box_config` WHERE  `code` = 'site_url' LIMIT 1 [ RunTime:0.000000s ]
[ sql ] [ SQL ] SELECT `value` FROM `box_config` WHERE  `code` = 'user_level2_price' LIMIT 1 [ RunTime:0.000000s ]
[ sql ] [ SQL ] SELECT `value` FROM `box_config` WHERE  `code` = 'user_level2_mout' LIMIT 1 [ RunTime:0.001000s ]
[ sql ] [ SQL ] SELECT `value` FROM `box_config` WHERE  `code` = 'user_level3_price' LIMIT 1 [ RunTime:0.001000s ]
[ sql ] [ SQL ] SELECT `value` FROM `box_config` WHERE  `code` = 'user_level3_mout' LIMIT 1 [ RunTime:0.000000s ]
[ sql ] [ SQL ] SELECT `value` FROM `box_config` WHERE  `code` = 'user_level1_price' LIMIT 1 [ RunTime:0.001000s ]
[ sql ] [ SQL ] SELECT `value` FROM `box_config` WHERE  `code` = 'user_level1_mout' LIMIT 1 [ RunTime:0.002000s ]
[ sql ] [ SQL ] SELECT `value` FROM `box_config` WHERE  `code` = 'site_name' LIMIT 1 [ RunTime:0.001000s ]
[ sql ] [ SQL ] SELECT `value` FROM `box_config` WHERE  `code` = 'site_name' LIMIT 1 [ RunTime:0.000000s ]
[ sql ] [ SQL ] SELECT `value` FROM `box_config` WHERE  `code` = 'site_name' LIMIT 1 [ RunTime:0.000000s ]
[ sql ] [ SQL ] SELECT `value` FROM `box_config` WHERE  `code` = 'site_name' LIMIT 1 [ RunTime:0.000000s ]
[ sql ] [ SQL ] SELECT `value` FROM `box_config` WHERE  `code` = 'site_engname' LIMIT 1 [ RunTime:0.000000s ]
[ sql ] [ SQL ] SELECT `value` FROM `box_config` WHERE  `code` = 'site_engname' LIMIT 1 [ RunTime:0.000000s ]
[ sql ] [ SQL ] SELECT `value` FROM `box_config` WHERE  `code` = 'site_name' LIMIT 1 [ RunTime:0.000000s ]
[ sql ] [ SQL ] SELECT `value` FROM `box_config` WHERE  `code` = 'site_name' LIMIT 1 [ RunTime:0.000000s ]
[ sql ] [ SQL ] SELECT `value` FROM `box_config` WHERE  `code` = 'site_wechat' LIMIT 1 [ RunTime:0.002000s ]
[ sql ] [ SQL ] SELECT `value` FROM `box_config` WHERE  `code` = 'site_qq' LIMIT 1 [ RunTime:0.002000s ]
[ sql ] [ SQL ] SELECT `value` FROM `box_config` WHERE  `code` = 'site_mail' LIMIT 1 [ RunTime:0.001000s ]
[ sql ] [ SQL ] SELECT `value` FROM `box_config` WHERE  `code` = 'site_url' LIMIT 1 [ RunTime:0.001000s ]
[ sql ] [ SQL ] SELECT `value` FROM `box_config` WHERE  `code` = 'site_icp' LIMIT 1 [ RunTime:0.001000s ]
---------------------------------------------------------------
[ 2019-11-12T10:49:29+08:00 ] 127.0.0.1 GET www.t.com/
[ sql ] [ DB ] CONNECT:[ UseTime:0.003001s ] mysql:host=127.0.0.1;port=3306;dbname=pay;charset=utf8
[ sql ] [ SQL ] SHOW COLUMNS FROM `box_config` [ RunTime:0.004000s ]
[ sql ] [ SQL ] SELECT `value` FROM `box_config` WHERE  `code` = 'admin_login_path' LIMIT 1 [ RunTime:0.001000s ]
[ sql ] [ SQL ] SELECT `value` FROM `box_config` WHERE  `code` = 'site_author' LIMIT 1 [ RunTime:0.001000s ]
[ sql ] [ SQL ] SELECT `value` FROM `box_config` WHERE  `code` = 'site_title' LIMIT 1 [ RunTime:0.000000s ]
[ sql ] [ SQL ] SELECT `value` FROM `box_config` WHERE  `code` = 'site_description' LIMIT 1 [ RunTime:0.001000s ]
[ sql ] [ SQL ] SELECT `value` FROM `box_config` WHERE  `code` = 'site_keywords' LIMIT 1 [ RunTime:0.000000s ]
[ sql ] [ SQL ] SELECT `value` FROM `box_config` WHERE  `code` = 'site_name' LIMIT 1 [ RunTime:0.000000s ]
[ sql ] [ SQL ] SELECT `value` FROM `box_config` WHERE  `code` = 'site_desc' LIMIT 1 [ RunTime:0.001000s ]
[ sql ] [ SQL ] SELECT `value` FROM `box_config` WHERE  `code` = 'site_url' LIMIT 1 [ RunTime:0.000000s ]
[ sql ] [ SQL ] SELECT `value` FROM `box_config` WHERE  `code` = 'site_logo' LIMIT 1 [ RunTime:0.001000s ]
[ sql ] [ SQL ] SELECT `value` FROM `box_config` WHERE  `code` = 'site_url' LIMIT 1 [ RunTime:0.000000s ]
[ sql ] [ SQL ] SELECT `value` FROM `box_config` WHERE  `code` = 'site_name' LIMIT 1 [ RunTime:0.000000s ]
[ sql ] [ SQL ] SELECT `value` FROM `box_config` WHERE  `code` = 'site_url' LIMIT 1 [ RunTime:0.000000s ]
[ sql ] [ SQL ] SELECT `value` FROM `box_config` WHERE  `code` = 'site_url' LIMIT 1 [ RunTime:0.000000s ]
[ sql ] [ SQL ] SELECT `value` FROM `box_config` WHERE  `code` = 'site_url' LIMIT 1 [ RunTime:0.000000s ]
[ sql ] [ SQL ] SELECT `value` FROM `box_config` WHERE  `code` = 'site_url' LIMIT 1 [ RunTime:0.000000s ]
[ sql ] [ SQL ] SELECT `value` FROM `box_config` WHERE  `code` = 'site_url' LIMIT 1 [ RunTime:0.000000s ]
[ sql ] [ SQL ] SELECT `value` FROM `box_config` WHERE  `code` = 'site_name' LIMIT 1 [ RunTime:0.002000s ]
[ sql ] [ SQL ] SELECT `value` FROM `box_config` WHERE  `code` = 'site_url' LIMIT 1 [ RunTime:0.001000s ]
[ sql ] [ SQL ] SELECT `value` FROM `box_config` WHERE  `code` = 'site_url' LIMIT 1 [ RunTime:0.000000s ]
[ sql ] [ SQL ] SELECT `value` FROM `box_config` WHERE  `code` = 'site_url' LIMIT 1 [ RunTime:0.001000s ]
[ sql ] [ SQL ] SELECT `value` FROM `box_config` WHERE  `code` = 'user_level2_price' LIMIT 1 [ RunTime:0.000000s ]
[ sql ] [ SQL ] SELECT `value` FROM `box_config` WHERE  `code` = 'user_level2_mout' LIMIT 1 [ RunTime:0.000000s ]
[ sql ] [ SQL ] SELECT `value` FROM `box_config` WHERE  `code` = 'user_level3_price' LIMIT 1 [ RunTime:0.000000s ]
[ sql ] [ SQL ] SELECT `value` FROM `box_config` WHERE  `code` = 'user_level3_mout' LIMIT 1 [ RunTime:0.000000s ]
[ sql ] [ SQL ] SELECT `value` FROM `box_config` WHERE  `code` = 'user_level1_price' LIMIT 1 [ RunTime:0.001000s ]
[ sql ] [ SQL ] SELECT `value` FROM `box_config` WHERE  `code` = 'user_level1_mout' LIMIT 1 [ RunTime:0.000000s ]
[ sql ] [ SQL ] SELECT `value` FROM `box_config` WHERE  `code` = 'site_name' LIMIT 1 [ RunTime:0.001000s ]
[ sql ] [ SQL ] SELECT `value` FROM `box_config` WHERE  `code` = 'site_name' LIMIT 1 [ RunTime:0.000000s ]
[ sql ] [ SQL ] SELECT `value` FROM `box_config` WHERE  `code` = 'site_name' LIMIT 1 [ RunTime:0.000000s ]
[ sql ] [ SQL ] SELECT `value` FROM `box_config` WHERE  `code` = 'site_name' LIMIT 1 [ RunTime:0.001000s ]
[ sql ] [ SQL ] SELECT `value` FROM `box_config` WHERE  `code` = 'site_engname' LIMIT 1 [ RunTime:0.000000s ]
[ sql ] [ SQL ] SELECT `value` FROM `box_config` WHERE  `code` = 'site_engname' LIMIT 1 [ RunTime:0.001000s ]
[ sql ] [ SQL ] SELECT `value` FROM `box_config` WHERE  `code` = 'site_name' LIMIT 1 [ RunTime:0.000000s ]
[ sql ] [ SQL ] SELECT `value` FROM `box_config` WHERE  `code` = 'site_name' LIMIT 1 [ RunTime:0.001000s ]
[ sql ] [ SQL ] SELECT `value` FROM `box_config` WHERE  `code` = 'site_wechat' LIMIT 1 [ RunTime:0.000000s ]
[ sql ] [ SQL ] SELECT `value` FROM `box_config` WHERE  `code` = 'site_qq' LIMIT 1 [ RunTime:0.001000s ]
[ sql ] [ SQL ] SELECT `value` FROM `box_config` WHERE  `code` = 'site_mail' LIMIT 1 [ RunTime:0.001000s ]
[ sql ] [ SQL ] SELECT `value` FROM `box_config` WHERE  `code` = 'site_url' LIMIT 1 [ RunTime:0.001000s ]
[ sql ] [ SQL ] SELECT `value` FROM `box_config` WHERE  `code` = 'site_icp' LIMIT 1 [ RunTime:0.002001s ]
---------------------------------------------------------------
[ 2019-11-12T10:49:33+08:00 ] 127.0.0.1 GET www.t.com/
[ sql ] [ DB ] CONNECT:[ UseTime:0.001000s ] mysql:host=127.0.0.1;port=3306;dbname=pay;charset=utf8
[ sql ] [ SQL ] SHOW COLUMNS FROM `box_config` [ RunTime:0.003000s ]
[ sql ] [ SQL ] SELECT `value` FROM `box_config` WHERE  `code` = 'admin_login_path' LIMIT 1 [ RunTime:0.001000s ]
---------------------------------------------------------------
[ 2019-11-12T10:52:18+08:00 ] 127.0.0.1 GET www.t.com/
[ sql ] [ DB ] CONNECT:[ UseTime:0.010000s ] mysql:host=127.0.0.1;port=3306;dbname=pay;charset=utf8
[ sql ] [ SQL ] SHOW COLUMNS FROM `box_config` [ RunTime:0.002001s ]
[ sql ] [ SQL ] SELECT `value` FROM `box_config` WHERE  `code` = 'admin_login_path' LIMIT 1 [ RunTime:0.001000s ]
---------------------------------------------------------------
[ 2019-11-12T10:52:43+08:00 ] 127.0.0.1 GET www.t.com/
[ sql ] [ DB ] CONNECT:[ UseTime:0.002000s ] mysql:host=127.0.0.1;port=3306;dbname=pay;charset=utf8
[ sql ] [ SQL ] SHOW COLUMNS FROM `box_config` [ RunTime:0.003000s ]
[ sql ] [ SQL ] SELECT `value` FROM `box_config` WHERE  `code` = 'admin_login_path' LIMIT 1 [ RunTime:0.001000s ]
---------------------------------------------------------------
[ 2019-11-12T10:52:46+08:00 ] 127.0.0.1 GET www.t.com/
[ sql ] [ DB ] CONNECT:[ UseTime:0.010000s ] mysql:host=127.0.0.1;port=3306;dbname=pay;charset=utf8
[ sql ] [ SQL ] SHOW COLUMNS FROM `box_config` [ RunTime:0.004000s ]
[ sql ] [ SQL ] SELECT `value` FROM `box_config` WHERE  `code` = 'admin_login_path' LIMIT 1 [ RunTime:0.001000s ]
[ sql ] [ SQL ] SELECT `value` FROM `box_config` WHERE  `code` = 'site_author' LIMIT 1 [ RunTime:0.002000s ]
[ sql ] [ SQL ] SELECT `value` FROM `box_config` WHERE  `code` = 'site_title' LIMIT 1 [ RunTime:0.002000s ]
[ sql ] [ SQL ] SELECT `value` FROM `box_config` WHERE  `code` = 'site_description' LIMIT 1 [ RunTime:0.001000s ]
[ sql ] [ SQL ] SELECT `value` FROM `box_config` WHERE  `code` = 'site_keywords' LIMIT 1 [ RunTime:0.001000s ]
[ sql ] [ SQL ] SELECT `value` FROM `box_config` WHERE  `code` = 'site_name' LIMIT 1 [ RunTime:0.001000s ]
[ sql ] [ SQL ] SELECT `value` FROM `box_config` WHERE  `code` = 'site_desc' LIMIT 1 [ RunTime:0.001000s ]
[ sql ] [ SQL ] SELECT `value` FROM `box_config` WHERE  `code` = 'site_url' LIMIT 1 [ RunTime:0.001000s ]
[ sql ] [ SQL ] SELECT `value` FROM `box_config` WHERE  `code` = 'site_logo' LIMIT 1 [ RunTime:0.001000s ]
[ sql ] [ SQL ] SELECT `value` FROM `box_config` WHERE  `code` = 'site_url' LIMIT 1 [ RunTime:0.000000s ]
[ sql ] [ SQL ] SELECT `value` FROM `box_config` WHERE  `code` = 'site_name' LIMIT 1 [ RunTime:0.001000s ]
[ sql ] [ SQL ] SELECT `value` FROM `box_config` WHERE  `code` = 'site_url' LIMIT 1 [ RunTime:0.002000s ]
[ sql ] [ SQL ] SELECT `value` FROM `box_config` WHERE  `code` = 'site_url' LIMIT 1 [ RunTime:0.001000s ]
[ sql ] [ SQL ] SELECT `value` FROM `box_config` WHERE  `code` = 'site_url' LIMIT 1 [ RunTime:0.001000s ]
[ sql ] [ SQL ] SELECT `value` FROM `box_config` WHERE  `code` = 'site_url' LIMIT 1 [ RunTime:0.001000s ]
[ sql ] [ SQL ] SELECT `value` FROM `box_config` WHERE  `code` = 'site_url' LIMIT 1 [ RunTime:0.001000s ]
[ sql ] [ SQL ] SELECT `value` FROM `box_config` WHERE  `code` = 'site_name' LIMIT 1 [ RunTime:0.001000s ]
[ sql ] [ SQL ] SELECT `value` FROM `box_config` WHERE  `code` = 'site_url' LIMIT 1 [ RunTime:0.001000s ]
[ sql ] [ SQL ] SELECT `value` FROM `box_config` WHERE  `code` = 'site_url' LIMIT 1 [ RunTime:0.000000s ]
[ sql ] [ SQL ] SELECT `value` FROM `box_config` WHERE  `code` = 'site_url' LIMIT 1 [ RunTime:0.001001s ]
[ sql ] [ SQL ] SELECT `value` FROM `box_config` WHERE  `code` = 'user_level2_price' LIMIT 1 [ RunTime:0.000000s ]
[ sql ] [ SQL ] SELECT `value` FROM `box_config` WHERE  `code` = 'user_level2_mout' LIMIT 1 [ RunTime:0.000000s ]
[ sql ] [ SQL ] SELECT `value` FROM `box_config` WHERE  `code` = 'user_level3_price' LIMIT 1 [ RunTime:0.001000s ]
[ sql ] [ SQL ] SELECT `value` FROM `box_config` WHERE  `code` = 'user_level3_mout' LIMIT 1 [ RunTime:0.001000s ]
[ sql ] [ SQL ] SELECT `value` FROM `box_config` WHERE  `code` = 'user_level1_price' LIMIT 1 [ RunTime:0.000000s ]
[ sql ] [ SQL ] SELECT `value` FROM `box_config` WHERE  `code` = 'user_level1_mout' LIMIT 1 [ RunTime:0.001000s ]
[ sql ] [ SQL ] SELECT `value` FROM `box_config` WHERE  `code` = 'site_name' LIMIT 1 [ RunTime:0.000000s ]
[ sql ] [ SQL ] SELECT `value` FROM `box_config` WHERE  `code` = 'site_name' LIMIT 1 [ RunTime:0.000000s ]
[ sql ] [ SQL ] SELECT `value` FROM `box_config` WHERE  `code` = 'site_name' LIMIT 1 [ RunTime:0.001000s ]
[ sql ] [ SQL ] SELECT `value` FROM `box_config` WHERE  `code` = 'site_name' LIMIT 1 [ RunTime:0.002000s ]
[ sql ] [ SQL ] SELECT `value` FROM `box_config` WHERE  `code` = 'site_engname' LIMIT 1 [ RunTime:0.001000s ]
[ sql ] [ SQL ] SELECT `value` FROM `box_config` WHERE  `code` = 'site_engname' LIMIT 1 [ RunTime:0.001000s ]
[ sql ] [ SQL ] SELECT `value` FROM `box_config` WHERE  `code` = 'site_name' LIMIT 1 [ RunTime:0.000000s ]
[ sql ] [ SQL ] SELECT `value` FROM `box_config` WHERE  `code` = 'site_name' LIMIT 1 [ RunTime:0.001000s ]
[ sql ] [ SQL ] SELECT `value` FROM `box_config` WHERE  `code` = 'site_wechat' LIMIT 1 [ RunTime:0.000000s ]
[ sql ] [ SQL ] SELECT `value` FROM `box_config` WHERE  `code` = 'site_qq' LIMIT 1 [ RunTime:0.000000s ]
[ sql ] [ SQL ] SELECT `value` FROM `box_config` WHERE  `code` = 'site_mail' LIMIT 1 [ RunTime:0.000000s ]
[ sql ] [ SQL ] SELECT `value` FROM `box_config` WHERE  `code` = 'site_url' LIMIT 1 [ RunTime:0.000000s ]
[ sql ] [ SQL ] SELECT `value` FROM `box_config` WHERE  `code` = 'site_icp' LIMIT 1 [ RunTime:0.001000s ]
---------------------------------------------------------------
[ 2019-11-12T10:54:03+08:00 ] 127.0.0.1 GET www.t.com/
[ sql ] [ DB ] CONNECT:[ UseTime:0.006001s ] mysql:host=127.0.0.1;port=3306;dbname=pay;charset=utf8
[ sql ] [ SQL ] SHOW COLUMNS FROM `box_config` [ RunTime:0.002000s ]
[ sql ] [ SQL ] SELECT `value` FROM `box_config` WHERE  `code` = 'admin_login_path' LIMIT 1 [ RunTime:0.001000s ]
---------------------------------------------------------------
[ 2019-11-12T10:54:08+08:00 ] 127.0.0.1 GET www.t.com/
[ sql ] [ DB ] CONNECT:[ UseTime:0.002000s ] mysql:host=127.0.0.1;port=3306;dbname=pay;charset=utf8
[ sql ] [ SQL ] SHOW COLUMNS FROM `box_config` [ RunTime:0.001000s ]
[ sql ] [ SQL ] SELECT `value` FROM `box_config` WHERE  `code` = 'admin_login_path' LIMIT 1 [ RunTime:0.000000s ]
---------------------------------------------------------------
[ 2019-11-12T10:54:54+08:00 ] 127.0.0.1 GET www.t.com/
[ sql ] [ DB ] CONNECT:[ UseTime:0.002000s ] mysql:host=127.0.0.1;port=3306;dbname=pay;charset=utf8
[ sql ] [ SQL ] SHOW COLUMNS FROM `box_config` [ RunTime:0.002000s ]
[ sql ] [ SQL ] SELECT `value` FROM `box_config` WHERE  `code` = 'admin_login_path' LIMIT 1 [ RunTime:0.001001s ]
---------------------------------------------------------------
[ 2019-11-12T10:56:00+08:00 ] 127.0.0.1 GET www.t.com/
[ sql ] [ DB ] CONNECT:[ UseTime:0.005001s ] mysql:host=127.0.0.1;port=3306;dbname=pay;charset=utf8
[ sql ] [ SQL ] SHOW COLUMNS FROM `box_config` [ RunTime:0.002000s ]
[ sql ] [ SQL ] SELECT `value` FROM `box_config` WHERE  `code` = 'admin_login_path' LIMIT 1 [ RunTime:0.001000s ]
---------------------------------------------------------------
[ 2019-11-12T10:56:10+08:00 ] 127.0.0.1 GET www.t.com/
[ sql ] [ DB ] CONNECT:[ UseTime:0.002000s ] mysql:host=127.0.0.1;port=3306;dbname=pay;charset=utf8
[ sql ] [ SQL ] SHOW COLUMNS FROM `box_config` [ RunTime:0.002001s ]
[ sql ] [ SQL ] SELECT `value` FROM `box_config` WHERE  `code` = 'admin_login_path' LIMIT 1 [ RunTime:0.001000s ]
[ sql ] [ SQL ] SELECT `value` FROM `box_config` WHERE  `code` = 'site_author' LIMIT 1 [ RunTime:0.001000s ]
[ sql ] [ SQL ] SELECT `value` FROM `box_config` WHERE  `code` = 'site_title' LIMIT 1 [ RunTime:0.000000s ]
[ sql ] [ SQL ] SELECT `value` FROM `box_config` WHERE  `code` = 'site_description' LIMIT 1 [ RunTime:0.000000s ]
[ sql ] [ SQL ] SELECT `value` FROM `box_config` WHERE  `code` = 'site_keywords' LIMIT 1 [ RunTime:0.000000s ]
[ sql ] [ SQL ] SELECT `value` FROM `box_config` WHERE  `code` = 'site_name' LIMIT 1 [ RunTime:0.000000s ]
[ sql ] [ SQL ] SELECT `value` FROM `box_config` WHERE  `code` = 'site_desc' LIMIT 1 [ RunTime:0.000000s ]
[ sql ] [ SQL ] SELECT `value` FROM `box_config` WHERE  `code` = 'site_url' LIMIT 1 [ RunTime:0.000000s ]
[ sql ] [ SQL ] SELECT `value` FROM `box_config` WHERE  `code` = 'site_logo' LIMIT 1 [ RunTime:0.000000s ]
[ sql ] [ SQL ] SELECT `value` FROM `box_config` WHERE  `code` = 'site_url' LIMIT 1 [ RunTime:0.000000s ]
[ sql ] [ SQL ] SELECT `value` FROM `box_config` WHERE  `code` = 'site_name' LIMIT 1 [ RunTime:0.000000s ]
[ sql ] [ SQL ] SELECT `value` FROM `box_config` WHERE  `code` = 'site_url' LIMIT 1 [ RunTime:0.000000s ]
[ sql ] [ SQL ] SELECT `value` FROM `box_config` WHERE  `code` = 'site_url' LIMIT 1 [ RunTime:0.000000s ]
[ sql ] [ SQL ] SELECT `value` FROM `box_config` WHERE  `code` = 'site_url' LIMIT 1 [ RunTime:0.000000s ]
[ sql ] [ SQL ] SELECT `value` FROM `box_config` WHERE  `code` = 'site_url' LIMIT 1 [ RunTime:0.000000s ]
[ sql ] [ SQL ] SELECT `value` FROM `box_config` WHERE  `code` = 'site_url' LIMIT 1 [ RunTime:0.000000s ]
[ sql ] [ SQL ] SELECT `value` FROM `box_config` WHERE  `code` = 'site_name' LIMIT 1 [ RunTime:0.001000s ]
[ sql ] [ SQL ] SELECT `value` FROM `box_config` WHERE  `code` = 'site_url' LIMIT 1 [ RunTime:0.000000s ]
[ sql ] [ SQL ] SELECT `value` FROM `box_config` WHERE  `code` = 'site_url' LIMIT 1 [ RunTime:0.000000s ]
[ sql ] [ SQL ] SELECT `value` FROM `box_config` WHERE  `code` = 'site_url' LIMIT 1 [ RunTime:0.001000s ]
[ sql ] [ SQL ] SELECT `value` FROM `box_config` WHERE  `code` = 'user_level2_price' LIMIT 1 [ RunTime:0.001000s ]
[ sql ] [ SQL ] SELECT `value` FROM `box_config` WHERE  `code` = 'user_level2_mout' LIMIT 1 [ RunTime:0.002000s ]
[ sql ] [ SQL ] SELECT `value` FROM `box_config` WHERE  `code` = 'user_level3_price' LIMIT 1 [ RunTime:0.002001s ]
[ sql ] [ SQL ] SELECT `value` FROM `box_config` WHERE  `code` = 'user_level3_mout' LIMIT 1 [ RunTime:0.001000s ]
[ sql ] [ SQL ] SELECT `value` FROM `box_config` WHERE  `code` = 'user_level1_price' LIMIT 1 [ RunTime:0.000000s ]
[ sql ] [ SQL ] SELECT `value` FROM `box_config` WHERE  `code` = 'user_level1_mout' LIMIT 1 [ RunTime:0.000000s ]
[ sql ] [ SQL ] SELECT `value` FROM `box_config` WHERE  `code` = 'site_name' LIMIT 1 [ RunTime:0.000000s ]
[ sql ] [ SQL ] SELECT `value` FROM `box_config` WHERE  `code` = 'site_name' LIMIT 1 [ RunTime:0.000000s ]
[ sql ] [ SQL ] SELECT `value` FROM `box_config` WHERE  `code` = 'site_name' LIMIT 1 [ RunTime:0.001000s ]
[ sql ] [ SQL ] SELECT `value` FROM `box_config` WHERE  `code` = 'site_name' LIMIT 1 [ RunTime:0.001000s ]
[ sql ] [ SQL ] SELECT `value` FROM `box_config` WHERE  `code` = 'site_engname' LIMIT 1 [ RunTime:0.001000s ]
[ sql ] [ SQL ] SELECT `value` FROM `box_config` WHERE  `code` = 'site_engname' LIMIT 1 [ RunTime:0.001000s ]
[ sql ] [ SQL ] SELECT `value` FROM `box_config` WHERE  `code` = 'site_name' LIMIT 1 [ RunTime:0.001000s ]
[ sql ] [ SQL ] SELECT `value` FROM `box_config` WHERE  `code` = 'site_name' LIMIT 1 [ RunTime:0.000000s ]
[ sql ] [ SQL ] SELECT `value` FROM `box_config` WHERE  `code` = 'site_wechat' LIMIT 1 [ RunTime:0.001000s ]
[ sql ] [ SQL ] SELECT `value` FROM `box_config` WHERE  `code` = 'site_qq' LIMIT 1 [ RunTime:0.001000s ]
[ sql ] [ SQL ] SELECT `value` FROM `box_config` WHERE  `code` = 'site_mail' LIMIT 1 [ RunTime:0.001000s ]
[ sql ] [ SQL ] SELECT `value` FROM `box_config` WHERE  `code` = 'site_url' LIMIT 1 [ RunTime:0.001000s ]
[ sql ] [ SQL ] SELECT `value` FROM `box_config` WHERE  `code` = 'site_icp' LIMIT 1 [ RunTime:0.001000s ]
